[14:24:30] [main/INFO] (FabricLoader/GameProvider) Loading Minecraft 1.20.1 with Fabric Loader 0.14.21
[14:24:31] [main/INFO] (FabricLoader) Loading 46 mods:
	- fabric-api 0.83.1+1.20.1
	- fabric-api-base 0.4.29+b04edc7a77
	- fabric-api-lookup-api-v1 1.6.34+4d8536c977
	- fabric-biome-api-v1 13.0.10+b3afc78b77
	- fabric-block-api-v1 1.0.9+e022e5d177
	- fabric-blockrenderlayer-v1 1.1.39+b3afc78b77
	- fabric-client-tags-api-v1 1.0.20+b3afc78b77
	- fabric-command-api-v2 2.2.11+b3afc78b77
	- fabric-content-registries-v0 4.0.7+b3afc78b77
	- fabric-convention-tags-v1 1.5.3+b3afc78b77
	- fabric-crash-report-info-v1 0.2.18+aeb40ebe77
	- fabric-data-generation-api-v1 12.1.11+b3afc78b77
	- fabric-dimensions-v1 2.1.51+b3afc78b77
	- fabric-entity-events-v1 1.5.21+b3afc78b77
	- fabric-events-interaction-v0 0.6.0+b3afc78b77
	- fabric-game-rule-api-v1 1.0.38+b04edc7a77
	- fabric-gametest-api-v1 1.2.10+b3afc78b77
	- fabric-item-api-v1 2.1.26+b3afc78b77
	- fabric-item-group-api-v1 4.0.7+b3afc78b77
	- fabric-key-binding-api-v1 1.0.36+fb8d95da77
	- fabric-lifecycle-events-v1 2.2.20+b3afc78b77
	- fabric-loot-api-v2 1.1.37+b3afc78b77
	- fabric-message-api-v1 5.1.6+b3afc78b77
	- fabric-mining-level-api-v1 2.1.47+b3afc78b77
	- fabric-models-v0 0.3.35+b3afc78b77
	- fabric-networking-api-v1 1.3.8+b3afc78b77
	- fabric-object-builder-api-v1 11.0.6+b3afc78b77
	- fabric-particles-v1 1.0.28+b3afc78b77
	- fabric-recipe-api-v1 1.0.18+b3afc78b77
	- fabric-registry-sync-v0 2.2.6+b3afc78b77
	- fabric-renderer-api-v1 3.0.1+b3afc78b77
	- fabric-renderer-indigo 1.3.1+b3afc78b77
	- fabric-rendering-data-attachment-v1 0.3.33+b3afc78b77
	- fabric-rendering-fluids-v1 3.0.26+b3afc78b77
	- fabric-rendering-v1 3.0.6+b3afc78b77
	- fabric-resource-conditions-api-v1 2.3.5+ea08f9d877
	- fabric-resource-loader-v0 0.11.7+f7923f6d77
	- fabric-screen-api-v1 2.0.6+b3afc78b77
	- fabric-screen-handler-api-v1 1.3.27+b3afc78b77
	- fabric-sound-api-v1 1.0.12+b3afc78b77
	- fabric-transfer-api-v1 3.2.2+b3afc78b77
	- fabric-transitive-access-wideners-v1 4.2.0+b3afc78b77
	- fabricloader 0.14.21
	- java 17
	- minecraft 1.20.1
	- ruby 1.0.0
[14:24:33] [main/INFO] (FabricLoader/Mixin) SpongePowered MIXIN Subsystem Version=0.8.5 Source=file:/C:/Users/510081/.mcreator/gradle/caches/modules-2/files-2.1/net.fabricmc/sponge-mixin/0.12.5+mixin.0.8.5/8d31fb97c3e0cd7c8dad3441851c523bcfae6d8e/sponge-mixin-0.12.5+mixin.0.8.5.jar Service=Knot/Fabric Env=CLIENT
[14:24:33] [main/INFO] (FabricLoader/Mixin) Loaded Fabric development mappings for mixin remapper!
[14:24:33] [main/INFO] (FabricLoader/Mixin) Compatibility level set to JAVA_16
[14:24:33] [main/INFO] (FabricLoader/Mixin) Compatibility level set to JAVA_17
[14:25:05] [Datafixer Bootstrap/INFO] (Minecraft) 188 Datafixer optimizations took 440 milliseconds
[14:25:10] [Render thread/INFO] (Minecraft) Environment: authHost='https://authserver.mojang.com', accountsHost='https://api.mojang.com', sessionHost='https://sessionserver.mojang.com', servicesHost='https://api.minecraftservices.com', name='PROD'
[14:25:11] [Render thread/ERROR] (Minecraft) Failed to verify authentication
com.mojang.authlib.exceptions.InvalidCredentialsException: Status: 401
	at com.mojang.authlib.exceptions.MinecraftClientHttpException.toAuthenticationException(MinecraftClientHttpException.java:56) ~[authlib-4.0.43.jar:?]
	at com.mojang.authlib.yggdrasil.YggdrasilUserApiService.fetchProperties(YggdrasilUserApiService.java:156) ~[authlib-4.0.43.jar:?]
	at com.mojang.authlib.yggdrasil.YggdrasilUserApiService.<init>(YggdrasilUserApiService.java:55) ~[authlib-4.0.43.jar:?]
	at com.mojang.authlib.yggdrasil.YggdrasilAuthenticationService.createUserApiService(YggdrasilAuthenticationService.java:124) ~[authlib-4.0.43.jar:?]
	at net.minecraft.client.Minecraft.createUserApiService(Minecraft.java:637) ~[minecraft-merged-project-root-1.20.1-loom.mappings.1_20_1.layered+hash.2198-v2.jar:?]
	at net.minecraft.client.Minecraft.<init>(Minecraft.java:432) ~[minecraft-merged-project-root-1.20.1-loom.mappings.1_20_1.layered+hash.2198-v2.jar:?]
	at net.minecraft.client.main.Main.main(Main.java:190) ~[minecraft-merged-project-root-1.20.1-loom.mappings.1_20_1.layered+hash.2198-v2.jar:?]
	at net.fabricmc.loader.impl.game.minecraft.MinecraftGameProvider.launch(MinecraftGameProvider.java:468) ~[fabric-loader-0.14.21.jar:?]
	at net.fabricmc.loader.impl.launch.knot.Knot.launch(Knot.java:74) ~[fabric-loader-0.14.21.jar:?]
	at net.fabricmc.loader.impl.launch.knot.KnotClient.main(KnotClient.java:23) ~[fabric-loader-0.14.21.jar:?]
	at net.fabricmc.devlaunchinjector.Main.main(Main.java:86) ~[dev-launch-injector-0.2.1+build.8.jar:?]
Caused by: com.mojang.authlib.exceptions.MinecraftClientHttpException: Status: 401
	at com.mojang.authlib.minecraft.client.MinecraftClient.readInputStream(MinecraftClient.java:85) ~[authlib-4.0.43.jar:?]
	at com.mojang.authlib.minecraft.client.MinecraftClient.get(MinecraftClient.java:48) ~[authlib-4.0.43.jar:?]
	at com.mojang.authlib.yggdrasil.YggdrasilUserApiService.fetchProperties(YggdrasilUserApiService.java:129) ~[authlib-4.0.43.jar:?]
	... 9 more
[14:25:11] [Render thread/INFO] (Minecraft) Setting user: Player485
[14:25:12] [Render thread/INFO] (RubyMod) Initializing RubyMod
[14:25:12] [Render thread/INFO] (Indigo) [Indigo] Registering Indigo renderer!
[14:25:14] [Render thread/INFO] (Minecraft) Backend library: LWJGL version 3.3.1 SNAPSHOT
[14:25:16] [Render thread/INFO] (Minecraft) Reloading ResourceManager: vanilla, fabric (fabric-mining-level-api-v1, fabric-api-lookup-api-v1, fabric-api, fabric-item-group-api-v1, fabric-content-registries-v0, fabric-transitive-access-wideners-v1, fabric-renderer-indigo, fabric-models-v0, fabric-api-base, fabric-loot-api-v2, fabric-screen-handler-api-v1, fabric-recipe-api-v1, fabric-transfer-api-v1, fabricloader, fabric-resource-loader-v0, fabric-lifecycle-events-v1, fabric-screen-api-v1, fabric-block-api-v1, fabric-rendering-data-attachment-v1, fabric-dimensions-v1, fabric-renderer-api-v1, fabric-rendering-fluids-v1, fabric-item-api-v1, ruby, fabric-events-interaction-v0, fabric-crash-report-info-v1, fabric-blockrenderlayer-v1, fabric-game-rule-api-v1, fabric-networking-api-v1, fabric-command-api-v2, fabric-particles-v1, fabric-resource-conditions-api-v1, fabric-entity-events-v1, fabric-registry-sync-v0, fabric-sound-api-v1, fabric-biome-api-v1, fabric-data-generation-api-v1, fabric-rendering-v1, fabric-client-tags-api-v1, fabric-key-binding-api-v1, fabric-object-builder-api-v1, fabric-gametest-api-v1, fabric-convention-tags-v1, fabric-message-api-v1)
[14:25:17] [Worker-Main-5/INFO] (Minecraft) Found unifont_all_no_pua-15.0.06.hex, loading
[14:25:17] [Realms Notification Availability checker #1/INFO] (Minecraft) Could not authorize you against Realms server: Invalid session id
[14:25:20] [Render thread/WARN] (Minecraft) Missing sound for event: minecraft:item.goat_horn.play
[14:25:20] [Render thread/WARN] (Minecraft) Missing sound for event: minecraft:entity.goat.screaming.horn_break
[14:25:21] [Render thread/INFO] (Minecraft) OpenAL initialized on device OpenAL Soft on Speakers (Realtek(R) Audio)
[14:25:21] [Render thread/INFO] (Minecraft) Sound engine started
[14:25:21] [Render thread/INFO] (Minecraft) Created: 1024x512x4 minecraft:textures/atlas/blocks.png-atlas
[14:25:22] [Render thread/INFO] (Minecraft) Created: 256x256x4 minecraft:textures/atlas/signs.png-atlas
[14:25:22] [Render thread/INFO] (Minecraft) Created: 512x512x4 minecraft:textures/atlas/shield_patterns.png-atlas
[14:25:22] [Render thread/INFO] (Minecraft) Created: 512x512x4 minecraft:textures/atlas/banner_patterns.png-atlas
[14:25:22] [Render thread/INFO] (Minecraft) Created: 1024x1024x4 minecraft:textures/atlas/armor_trims.png-atlas
[14:25:22] [Render thread/INFO] (Minecraft) Created: 128x64x4 minecraft:textures/atlas/decorated_pot.png-atlas
[14:25:22] [Render thread/INFO] (Minecraft) Created: 256x256x4 minecraft:textures/atlas/chest.png-atlas
[14:25:22] [Render thread/INFO] (Minecraft) Created: 512x256x4 minecraft:textures/atlas/shulker_boxes.png-atlas
[14:25:22] [Render thread/INFO] (Minecraft) Created: 512x256x4 minecraft:textures/atlas/beds.png-atlas
[14:25:25] [Render thread/WARN] (Minecraft) Shader rendertype_entity_translucent_emissive could not find sampler named Sampler2 in the specified shader program.
[14:25:26] [Render thread/INFO] (Minecraft) Created: 256x256x0 minecraft:textures/atlas/particles.png-atlas
[14:25:26] [Render thread/INFO] (Minecraft) Created: 256x256x0 minecraft:textures/atlas/paintings.png-atlas
[14:25:26] [Render thread/INFO] (Minecraft) Created: 128x128x0 minecraft:textures/atlas/mob_effects.png-atlas
[14:25:34] [Render thread/INFO] (Minecraft) Loaded 7 recipes
[14:25:34] [Render thread/INFO] (Minecraft) Loaded 1271 advancements
[14:25:35] [Render thread/INFO] (BiomeModificationImpl) Applied 64 biome modifications to 64 of 64 new biomes in 25.21 ms
[14:25:35] [Server thread/INFO] (Minecraft) Starting integrated minecraft server version 1.20.1
[14:25:35] [Server thread/INFO] (Minecraft) Generating keypair
[14:25:37] [Server thread/INFO] (Minecraft) Preparing start region for dimension minecraft:overworld
[14:25:47] [Render thread/INFO] (Minecraft) Préparation de la zone d'apparition : 0 %
[14:25:47] [Render thread/INFO] (Minecraft) Préparation de la zone d'apparition : 0 %
[14:25:47] [Render thread/INFO] (Minecraft) Préparation de la zone d'apparition : 0 %
[14:25:47] [Render thread/INFO] (Minecraft) Préparation de la zone d'apparition : 0 %
[14:25:47] [Render thread/INFO] (Minecraft) Préparation de la zone d'apparition : 0 %
[14:25:47] [Render thread/INFO] (Minecraft) Préparation de la zone d'apparition : 0 %
[14:25:47] [Render thread/INFO] (Minecraft) Préparation de la zone d'apparition : 0 %
[14:25:47] [Render thread/INFO] (Minecraft) Préparation de la zone d'apparition : 0 %
[14:25:47] [Render thread/INFO] (Minecraft) Préparation de la zone d'apparition : 0 %
[14:25:47] [Render thread/INFO] (Minecraft) Préparation de la zone d'apparition : 0 %
[14:25:47] [Render thread/INFO] (Minecraft) Préparation de la zone d'apparition : 0 %
[14:25:47] [Render thread/INFO] (Minecraft) Préparation de la zone d'apparition : 0 %
[14:25:47] [Render thread/INFO] (Minecraft) Préparation de la zone d'apparition : 0 %
[14:25:47] [Render thread/INFO] (Minecraft) Préparation de la zone d'apparition : 0 %
[14:25:47] [Render thread/INFO] (Minecraft) Préparation de la zone d'apparition : 0 %
[14:25:47] [Render thread/INFO] (Minecraft) Préparation de la zone d'apparition : 0 %
[14:25:47] [Render thread/INFO] (Minecraft) Préparation de la zone d'apparition : 0 %
[14:25:47] [Render thread/INFO] (Minecraft) Préparation de la zone d'apparition : 0 %
[14:25:47] [Render thread/INFO] (Minecraft) Préparation de la zone d'apparition : 0 %
[14:25:47] [Render thread/INFO] (Minecraft) Préparation de la zone d'apparition : 0 %
[14:25:47] [Render thread/INFO] (Minecraft) Préparation de la zone d'apparition : 0 %
[14:25:48] [Render thread/INFO] (Minecraft) Préparation de la zone d'apparition : 0 %
[14:25:48] [Render thread/INFO] (Minecraft) Préparation de la zone d'apparition : 15 %
[14:25:49] [Render thread/INFO] (Minecraft) Préparation de la zone d'apparition : 43 %
[14:25:49] [Render thread/INFO] (Minecraft) Préparation de la zone d'apparition : 75 %
[14:25:49] [Render thread/INFO] (Minecraft) Time elapsed: 12408 ms
[14:25:50] [Server thread/INFO] (Minecraft) Changing view distance to 5, from 10
[14:25:50] [Server thread/INFO] (Minecraft) Changing simulation distance to 7, from 0
[14:25:52] [Server thread/INFO] (Minecraft) Player485[local:E:84dbee89] logged in with entity id 1 at (651.2185081864271, 65.0, -602.5725818731711)
[14:25:52] [Server thread/INFO] (Minecraft) Player485 a rejoint la partie
[14:25:52] [Server thread/INFO] (Minecraft) Player485 a réalisé le progrès [L'âge de pierre]
[14:25:53] [Render thread/INFO] (Minecraft) [System] [CHAT] Player485 a réalisé le progrès [L'âge de pierre]
[14:25:54] [Render thread/INFO] (Minecraft) Loaded 103 advancements
[14:25:58] [Server thread/INFO] (Minecraft) [Player485 : Changement de votre propre mode de jeu en Mode Créatif]
[14:25:58] [Render thread/INFO] (Minecraft) [System] [CHAT] Changement de votre propre mode de jeu en Mode Créatif
[14:26:05] [Server thread/INFO] (Minecraft) Saving and pausing game...
[14:26:05] [Server thread/INFO] (Minecraft) Saving chunks for level 'ServerLevel[ruby]'/minecraft:overworld
[14:26:05] [Server thread/INFO] (Minecraft) Saving chunks for level 'ServerLevel[ruby]'/minecraft:the_nether
[14:26:05] [Server thread/INFO] (Minecraft) Saving chunks for level 'ServerLevel[ruby]'/minecraft:the_end
[14:26:10] [Render thread/INFO] (Minecraft) Loaded 112 advancements
[14:26:42] [Server thread/INFO] (Minecraft) [Player485 : L'effet Nyctalopie a été appliqué à Player485]
[14:26:42] [Render thread/INFO] (Minecraft) [System] [CHAT] L'effet Nyctalopie a été appliqué à Player485
[14:27:38] [Server thread/INFO] (Minecraft) [Player485 : Changement de votre propre mode de jeu en Mode Survie]
[14:27:38] [Render thread/INFO] (Minecraft) [System] [CHAT] Changement de votre propre mode de jeu en Mode Survie
[14:27:52] [Render thread/WARN] (Minecraft) Received passengers for unknown entity
[14:28:03] [Server thread/INFO] (Minecraft) Player485 a réalisé le progrès [Chasseur de monstres]
[14:28:03] [Render thread/INFO] (Minecraft) [System] [CHAT] Player485 a réalisé le progrès [Chasseur de monstres]
[14:28:03] [Render thread/INFO] (Minecraft) Loaded 143 advancements
[14:28:16] [Render thread/INFO] (Minecraft) Loaded 143 advancements
[14:28:19] [Render thread/WARN] (Minecraft) Received passengers for unknown entity
[14:28:29] [Render thread/INFO] (Minecraft) Loaded 146 advancements
[14:28:35] [Render thread/WARN] (Minecraft) Received passengers for unknown entity
[14:28:38] [Render thread/INFO] (Minecraft) Loaded 156 advancements
[14:29:35] [Server thread/INFO] (Minecraft) [Player485 : Don de 64 [Steak] à Player485]
[14:29:35] [Render thread/INFO] (Minecraft) [System] [CHAT] Don de 64 [Steak] à Player485
[14:29:49] [Render thread/INFO] (Minecraft) Loaded 173 advancements
[14:31:12] [Server thread/INFO] (Minecraft) [Player485 : Changement de votre propre mode de jeu en Mode Créatif]
[14:31:12] [Render thread/INFO] (Minecraft) [System] [CHAT] Changement de votre propre mode de jeu en Mode Créatif
[14:31:14] [Server thread/INFO] (Minecraft) [Player485 : Changement de votre propre mode de jeu en Mode Spectateur]
[14:31:14] [Render thread/INFO] (Minecraft) [System] [CHAT] Changement de votre propre mode de jeu en Mode Spectateur
[14:31:21] [Render thread/INFO] (Minecraft) Loaded 173 advancements
[14:31:30] [Server thread/INFO] (Minecraft) [Player485 : Changement de votre propre mode de jeu en Mode Créatif]
[14:31:30] [Render thread/INFO] (Minecraft) [System] [CHAT] Changement de votre propre mode de jeu en Mode Créatif
[14:31:30] [Server thread/INFO] (Minecraft) [Player485 : Changement de votre propre mode de jeu en Mode Spectateur]
[14:31:30] [Render thread/INFO] (Minecraft) [System] [CHAT] Changement de votre propre mode de jeu en Mode Spectateur
[14:31:33] [Server thread/INFO] (Minecraft) [Player485 : Changement de votre propre mode de jeu en Mode Survie]
[14:31:33] [Render thread/INFO] (Minecraft) [System] [CHAT] Changement de votre propre mode de jeu en Mode Survie
[14:31:44] [Render thread/INFO] (Minecraft) Loaded 173 advancements
[14:31:54] [Server thread/INFO] (Minecraft) Player485 a fait une terrible chute
[14:31:54] [Render thread/INFO] (Minecraft) [System] [CHAT] Player485 a fait une terrible chute
[14:31:57] [Render thread/INFO] (Minecraft) Loaded 173 advancements
[14:32:00] [Server thread/INFO] (Minecraft) [Player485 : Changement de votre propre mode de jeu en Mode Créatif]
[14:32:00] [Render thread/INFO] (Minecraft) [System] [CHAT] Changement de votre propre mode de jeu en Mode Créatif
[14:32:10] [Render thread/INFO] (Minecraft) Loaded 174 advancements
[14:32:16] [Server thread/INFO] (Minecraft) [Player485 : La règle keepInventory est maintenant définie sur : true]
[14:32:16] [Render thread/INFO] (Minecraft) [System] [CHAT] La règle keepInventory est maintenant définie sur : true
[14:32:22] [Render thread/INFO] (Minecraft) Loaded 174 advancements
[14:32:23] [Server thread/INFO] (Minecraft) [Player485 : Changement de votre propre mode de jeu en Mode Survie]
[14:32:23] [Render thread/INFO] (Minecraft) [System] [CHAT] Changement de votre propre mode de jeu en Mode Survie
[14:32:25] [Server thread/INFO] (Minecraft) Player485 est tombé(e) d'une liane
[14:32:25] [Render thread/INFO] (Minecraft) [System] [CHAT] Player485 est tombé(e) d'une liane
[14:32:33] [Server thread/INFO] (Minecraft) Saving and pausing game...
[14:32:33] [Server thread/INFO] (Minecraft) Saving chunks for level 'ServerLevel[ruby]'/minecraft:overworld
[14:32:33] [Server thread/INFO] (Minecraft) Saving chunks for level 'ServerLevel[ruby]'/minecraft:the_nether
[14:32:33] [Server thread/INFO] (Minecraft) Saving chunks for level 'ServerLevel[ruby]'/minecraft:the_end
[14:33:26] [Server thread/INFO] (Minecraft) [Player485 : Player485 s'est fait téléporter en 418.435323, 164.000000, -241.420892]
[14:33:26] [Render thread/INFO] (Minecraft) [System] [CHAT] Player485 s'est fait téléporter en 418.435323, 164.000000, -241.420892
[14:33:28] [Server thread/INFO] (Minecraft) Player485 a fait une terrible chute
[14:33:28] [Render thread/INFO] (Minecraft) [System] [CHAT] Player485 a fait une terrible chute
[14:33:41] [Render thread/INFO] (Minecraft) [System] [CHAT] Impossible de donner plus de 100 [Seau d'eau]
[14:33:47] [Server thread/INFO] (Minecraft) [Player485 : Don de 63 [Seau d'eau] à Player485]
[14:33:47] [Render thread/INFO] (Minecraft) [System] [CHAT] Don de 63 [Seau d'eau] à Player485
[14:34:01] [Server thread/INFO] (Minecraft) [Player485 : Player485 s'est fait téléporter en 401.793471, 164.000000, -221.336321]
[14:34:01] [Render thread/INFO] (Minecraft) [System] [CHAT] Player485 s'est fait téléporter en 401.793471, 164.000000, -221.336321
[14:34:11] [Server thread/INFO] (Minecraft) [Player485 : Player485 s'est fait téléporter en 401.793471, 164.000000, -221.336321]
[14:34:11] [Render thread/INFO] (Minecraft) [System] [CHAT] Player485 s'est fait téléporter en 401.793471, 164.000000, -221.336321
[14:34:14] [Server thread/INFO] (Minecraft) Player485 a fait une terrible chute
[14:34:14] [Render thread/INFO] (Minecraft) [System] [CHAT] Player485 a fait une terrible chute
[14:34:21] [Server thread/INFO] (Minecraft) [Player485 : Player485 s'est fait téléporter en 389.023352, 164.000000, -226.606741]
[14:34:21] [Render thread/INFO] (Minecraft) [System] [CHAT] Player485 s'est fait téléporter en 389.023352, 164.000000, -226.606741
[14:34:29] [Server thread/INFO] (Minecraft) [Player485 : Player485 s'est fait téléporter en 388.584612, 164.000000, -227.249523]
[14:34:29] [Render thread/INFO] (Minecraft) [System] [CHAT] Player485 s'est fait téléporter en 388.584612, 164.000000, -227.249523
[14:34:32] [Server thread/INFO] (Minecraft) Player485 a fait une terrible chute
[14:34:32] [Render thread/INFO] (Minecraft) [System] [CHAT] Player485 a fait une terrible chute
[14:34:40] [Server thread/INFO] (Minecraft) [Player485 : Player485 s'est fait téléporter en 381.650225, 163.000000, -236.415288]
[14:34:40] [Render thread/INFO] (Minecraft) [System] [CHAT] Player485 s'est fait téléporter en 381.650225, 163.000000, -236.415288
[14:34:43] [Render thread/WARN] (Minecraft) Unable to play empty soundEvent: minecraft:entity.tropical_fish.ambient
[14:34:51] [Server thread/INFO] (Minecraft) [Player485 : Player485 s'est fait téléporter en 383.213304, 164.000000, -221.289592]
[14:34:51] [Render thread/INFO] (Minecraft) [System] [CHAT] Player485 s'est fait téléporter en 383.213304, 164.000000, -221.289592
[14:34:57] [Server thread/INFO] (Minecraft) [Player485 : Player485 s'est fait téléporter en 383.213304, 164.000000, -221.289592]
[14:34:57] [Render thread/INFO] (Minecraft) [System] [CHAT] Player485 s'est fait téléporter en 383.213304, 164.000000, -221.289592
[14:35:04] [Server thread/INFO] (Minecraft) [Player485 : Player485 s'est fait téléporter en 383.213304, 100064.000000, -221.289592]
[14:35:04] [Render thread/INFO] (Minecraft) [System] [CHAT] Player485 s'est fait téléporter en 383.213304, 100064.000000, -221.289592
[14:35:16] [Render thread/INFO] (Minecraft) Stopping!
[14:35:16] [Server thread/INFO] (Minecraft) Player485 lost connection: Déconnecté(e)
[14:35:16] [Server thread/INFO] (Minecraft) Player485 a quitté la partie
[14:35:17] [Server thread/INFO] (Minecraft) Stopping singleplayer server as player logged out
[14:35:17] [Server thread/INFO] (Minecraft) Stopping server
[14:35:17] [Server thread/INFO] (Minecraft) Saving players
[14:35:17] [Server thread/INFO] (Minecraft) Saving worlds
[14:35:19] [Server thread/INFO] (Minecraft) Saving chunks for level 'ServerLevel[ruby]'/minecraft:overworld
[14:35:20] [Server thread/INFO] (Minecraft) Saving chunks for level 'ServerLevel[ruby]'/minecraft:the_nether
[14:35:20] [Server thread/INFO] (Minecraft) Saving chunks for level 'ServerLevel[ruby]'/minecraft:the_end
[14:35:20] [Server thread/INFO] (Minecraft) ThreadedAnvilChunkStorage (ruby): All chunks are saved
[14:35:20] [Server thread/INFO] (Minecraft) ThreadedAnvilChunkStorage (DIM-1): All chunks are saved
[14:35:20] [Server thread/INFO] (Minecraft) ThreadedAnvilChunkStorage (DIM1): All chunks are saved
[14:35:20] [Server thread/INFO] (Minecraft) ThreadedAnvilChunkStorage: All dimensions are saved
